<?xml version="1.0" encoding="UTF-8"?>
<!-- Generated by org.testng.reporters.JUnitXMLReporter -->
<testsuite ignored="0" hostname="DESKTOP-VONR76B" failures="2" tests="4" name="Test" time="188.956" errors="0" timestamp="2022-05-31T12:24:27 IST">
  <testcase classname="test1.VarifyFooter" name="Varify" time="20.749">
    <failure type="java.lang.AssertionError" message="missmatched url expected [https://amazon.jobs/en-gb/] but found [https://amazon.jobs/en/]">
      <![CDATA[java.lang.AssertionError: missmatched url expected [https://amazon.jobs/en-gb/] but found [https://amazon.jobs/en/]
at test1.VarifyFooter.Varify(VarifyFooter.java:80)
at java.base/java.util.ArrayList.forEach(ArrayList.java:1511)
... Removed 32 stack frames]]>
    </failure>
  </testcase> <!-- Varify -->
  <testcase classname="test1.VarifyFooter" name="varifyaboutus" time="20.717"/>
  <testcase classname="test1.VarifyHeaderTab" name="varifyBestSeller" time="8.935"/>
  <testcase classname="test1.VarifyHeaderTab" name="varifyMobile" time="6.732">
    <failure type="java.lang.AssertionError" message="Missmatched link expected [https://www.mobile-phones/b/?ie=UTF8&amp;amp;node=1389401031&amp;amp;ref_=nav_cs_mobiles] but found [https://www.amazon.in/mobile-phones/b/?ie=UTF8&amp;amp;node=1389401031&amp;amp;ref_=nav_cs_mobiles]">
      <![CDATA[java.lang.AssertionError: Missmatched link expected [https://www.mobile-phones/b/?ie=UTF8&node=1389401031&ref_=nav_cs_mobiles] but found [https://www.amazon.in/mobile-phones/b/?ie=UTF8&node=1389401031&ref_=nav_cs_mobiles]
at test1.VarifyHeaderTab.varifyMobile(VarifyHeaderTab.java:87)
at java.base/java.util.ArrayList.forEach(ArrayList.java:1511)
... Removed 32 stack frames]]>
    </failure>
  </testcase> <!-- varifyMobile -->
</testsuite> <!-- Test -->
